0 info it worked if it ends with ok
1 verbose cli [ 'C:\\Program Files\\nodejs\\node.exe',
1 verbose cli   'C:\\Program Files\\nodejs\\node_modules\\npm\\bin\\npm-cli.js',
1 verbose cli   'start' ]
2 info using npm@3.10.10
3 info using node@v6.10.2
4 verbose run-script [ 'prestart', 'start', 'poststart' ]
5 info lifecycle crenteria@0.0.0~prestart: crenteria@0.0.0
6 silly lifecycle crenteria@0.0.0~prestart: no script for prestart, continuing
7 info lifecycle crenteria@0.0.0~start: crenteria@0.0.0
8 verbose lifecycle crenteria@0.0.0~start: unsafe-perm in lifecycle true
9 verbose lifecycle crenteria@0.0.0~start: PATH: C:\Users\Diego\AppData\Roaming\nvm\v6.10.2\node_modules\npm\bin\node-gyp-bin;C:\Users\Diego\Google Drive\Proyectos\Crenteria S.A.C\web-crenteria-logica\crenteria\node_modules\.bin;C:\ProgramData\Oracle\Java\javapath;C:\Program Files (x86)\Intel\iCLS Client\;C:\Program Files\Intel\iCLS Client\;C:\Windows\system32;C:\Windows;C:\Windows\System32\Wbem;C:\Windows\System32\WindowsPowerShell\v1.0\;C:\Program Files (x86)\NVIDIA Corporation\PhysX\Common;C:\Program Files (x86)\Intel\Intel(R) Management Engine Components\DAL;C:\Program Files\Intel\Intel(R) Management Engine Components\DAL;C:\Program Files (x86)\Intel\Intel(R) Management Engine Components\IPT;C:\Program Files\Intel\Intel(R) Management Engine Components\IPT;C:\Program Files\Intel\WiFi\bin\;C:\Program Files\Common Files\Intel\WirelessCommon\;C:\Program Files\Git\cmd;C:\Program Files\PuTTY\;C:\Program Files\Microsoft SQL Server\Client SDK\ODBC\110\Tools\Binn\;C:\Program Files (x86)\Microsoft SQL Server\120\Tools\Binn\;C:\Program Files\Microsoft SQL Server\120\Tools\Binn\;C:\Program Files\Microsoft SQL Server\120\DTS\Binn\;C:\Program Files (x86)\Microsoft SQL Server\120\Tools\Binn\ManagementStudio\;C:\Program Files (x86)\Microsoft SQL Server\120\DTS\Binn\;C:\Program Files\curl-7.54.0;C:\Program Files\TortoiseSVN\bin;C:\Users\Diego\Anaconda3;C:\Users\Diego\Anaconda3\Scripts;C:\Users\Diego\Anaconda3\Library\bin;C:\Users\Diego\AppData\Roaming\npm;C:\Program Files (x86)\Microsoft VS Code\bin;C:\ExactusERP;C:\ExactusERP\Setup;C:\Program Files (x86)\Graphviz2.38\bin;C:\Users\Diego\AppData\Local\atom\bin;%NVM_HOME%;%NVM_SYMLINK%;C:\Program Files (x86)\Yarn\bin;C:\Users\Diego\Anaconda3;C:\Users\Diego\Anaconda3\Scripts;C:\Users\Diego\Anaconda3\Library\bin;C:\Users\Diego\AppData\Roaming\npm;C:\Program Files (x86)\Graphviz2.38\bin;C:\Program Files (x86)\Sublime Text 3\;C:\Users\Diego\AppData\Roaming\nvm;C:\Program Files\nodejs;C:\Users\Diego\AppData\Local\Yarn\bin
10 verbose lifecycle crenteria@0.0.0~start: CWD: C:\Users\Diego\Google Drive\Proyectos\Crenteria S.A.C\web-crenteria-logica\crenteria
11 silly lifecycle crenteria@0.0.0~start: Args: [ '/d /s /c', 'node ./bin/www' ]
12 verbose stack Error: kill ENOSYS
12 verbose stack     at exports._errnoException (util.js:1018:11)
12 verbose stack     at process.kill (internal/process.js:190:13)
12 verbose stack     at process.listener (C:\Users\Diego\AppData\Roaming\nvm\v6.10.2\node_modules\npm\node_modules\npmlog\node_modules\gauge\node_modules\signal-exit\index.js:86:15)
12 verbose stack     at emitNone (events.js:91:20)
12 verbose stack     at process.emit (events.js:185:7)
12 verbose stack     at processEmit (C:\Users\Diego\AppData\Roaming\nvm\v6.10.2\node_modules\npm\node_modules\npmlog\node_modules\gauge\node_modules\signal-exit\index.js:146:32)
12 verbose stack     at processEmit (C:\Users\Diego\AppData\Roaming\nvm\v6.10.2\node_modules\npm\node_modules\npm-registry-client\node_modules\npmlog\node_modules\gauge\node_modules\signal-exit\index.js:146:32)
12 verbose stack     at Signal.wrap.onsignal (internal/process.js:217:44)
13 verbose cwd C:\Users\Diego\Google Drive\Proyectos\Crenteria S.A.C\web-crenteria-logica\crenteria
14 error Windows_NT 10.0.10586
15 error argv "C:\\Program Files\\nodejs\\node.exe" "C:\\Program Files\\nodejs\\node_modules\\npm\\bin\\npm-cli.js" "start"
16 error node v6.10.2
17 error npm  v3.10.10
18 error code ENOSYS
19 error errno ENOSYS
20 error syscall kill
21 error kill ENOSYS
22 error If you need help, you may report this error at:
22 error     <https://github.com/npm/npm/issues>
23 verbose exit [ 1, true ]
